2025-04-12 07:33:59,607 - INFO - ==================================================
2025-04-12 07:33:59,607 - INFO - 開始規劃東京旅行 (起始日: wednesday, 天數: 3)
2025-04-12 07:33:59,607 - INFO - 開始一次性獲取所有旅行時間數據 (使用 API 完全取得實時數據)
2025-04-12 07:34:32,320 - INFO - ==================================================
2025-04-12 07:34:32,320 - INFO - 開始規劃東京旅行 (起始日: wednesday, 天數: 3)
2025-04-12 07:34:32,320 - INFO - 開始獲取旅行時間數據
2025-04-12 07:34:32,320 - INFO - 嘗試從 Travel Time API 獲取數據 (App ID: d5538d14)
2025-04-12 07:34:36,157 - INFO - 成功從 API 獲取數據
2025-04-12 07:34:36,159 - INFO - API回應已保存到 api_response.json
2025-04-12 07:35:17,066 - INFO - ==================================================
2025-04-12 07:35:17,066 - INFO - 開始規劃東京旅行 (起始日: wednesday, 天數: 3)
2025-04-12 07:35:17,066 - INFO - 開始一次性獲取所有旅行時間數據 (使用 API 完全取得實時數據)
2025-04-12 07:35:40,729 - INFO - ==================================================
2025-04-12 07:35:40,729 - INFO - 開始規劃東京旅行 (起始日: wednesday, 天數: 3)
2025-04-12 07:35:40,729 - INFO - 開始獲取旅行時間數據 (使用 API 完全取得實時數據)
2025-04-12 07:36:10,516 - INFO - 旅行時間: akihabara → meiji_shrine: 69 分鐘
2025-04-12 07:36:10,517 - INFO - 旅行時間: tokyo_tower → tsukiji_market: 25 分鐘
2025-04-12 07:36:10,517 - INFO - 旅行時間: meiji_shrine → senso_ji: 51 分鐘
2025-04-12 07:36:10,517 - INFO - 生成 PDDL 文件
2025-04-12 07:36:10,517 - INFO - 運行 Fast Downward 規劃器
2025-04-12 07:36:10,517 - INFO - 規劃器輸出將保存到 planner_output.log
2025-04-12 07:36:11,101 - INFO - 規劃器運行成功
2025-04-12 07:36:11,101 - INFO - 生成旅行計劃
2025-04-12 07:36:11,101 - INFO - 旅行計劃生成完成
2025-04-12 07:38:52,495 - INFO - ==================================================
2025-04-12 07:38:52,496 - INFO - 開始規劃東京旅行 (起始日: wednesday, 天數: 3)
2025-04-12 07:38:52,496 - INFO - 開始一次性獲取所有旅行時間數據 (使用 API 完全取得實時數據)
2025-04-12 07:39:51,297 - INFO - ==================================================
2025-04-12 07:39:51,297 - INFO - 開始規劃東京旅行 (起始日: wednesday, 天數: 3)
2025-04-12 07:39:51,297 - INFO - 開始獲取旅行時間數據 (使用 API 完全取得實時數據)
2025-04-12 07:40:19,457 - INFO - 旅行時間: akihabara → meiji_shrine: 69 分鐘
2025-04-12 07:40:19,457 - INFO - 旅行時間: tokyo_tower → tsukiji_market: 25 分鐘
2025-04-12 07:40:19,457 - INFO - 旅行時間: meiji_shrine → senso_ji: 51 分鐘
2025-04-12 07:40:19,457 - INFO - 生成 PDDL 文件
2025-04-12 07:40:19,460 - INFO - 運行 Fast Downward 規劃器
2025-04-12 07:40:19,460 - INFO - 規劃器輸出將保存到 planner_output.log
2025-04-12 07:40:20,030 - INFO - 規劃器運行成功
2025-04-12 07:40:20,030 - INFO - 生成旅行計劃
2025-04-12 07:40:20,031 - INFO - 旅行計劃生成完成
2025-04-12 07:43:51,249 - INFO - ==================================================
2025-04-12 07:43:51,249 - INFO - 開始規劃東京旅行 (起始日: wednesday, 天數: 4)
2025-04-12 07:43:51,249 - INFO - 開始獲取旅行時間數據 (使用 API 取得實時數據)
2025-04-12 07:44:18,017 - INFO - 旅行時間: akihabara → meiji_shrine: 69 分鐘
2025-04-12 07:44:18,018 - INFO - 旅行時間: tokyo_tower → tsukiji_market: 25 分鐘
2025-04-12 07:44:18,018 - INFO - 旅行時間: meiji_shrine → senso_ji: 51 分鐘
2025-04-12 07:44:18,018 - INFO - 生成 PDDL 文件
2025-04-12 07:44:18,020 - INFO - 運行 Fast Downward 規劃器
2025-04-12 07:44:18,020 - INFO - 規劃器輸出將保存到 planner_output.log
2025-04-12 07:44:31,964 - INFO - 規劃器運行成功
2025-04-12 07:44:31,964 - INFO - 生成旅行計劃
2025-04-12 07:44:31,964 - INFO - 旅行計劃生成完成
